<?xml version="1.0" encoding="UTF-8"?>
<!-- Generated by org.testng.reporters.JUnitReportReporter -->
<testsuite skipped="0" hostname="dell" name="com.jbk.Demo1" tests="2" failures="0" timestamp="4 Jul 2021 14:56:49 GMT" time="0.031" errors="0">
  <testcase name="test02" time="0.000" classname="com.jbk.Demo1"/>
  <testcase name="test01" time="0.031" classname="com.jbk.Demo1"/>
</testsuite> <!-- com.jbk.Demo1 -->
